<?xml version="1.0" encoding="UTF-8"?>
<testng-results skipped="0" failed="0" total="2" passed="2">
  <reporter-output>
  </reporter-output>
  <suite name="BDD Test Suite" duration-ms="1371" started-at="2019-09-09T19:55:45Z" finished-at="2019-09-09T19:55:46Z">
    <groups>
      <group name="cucumber">
        <method signature="TestRunner.feature(cucumber.api.testng.CucumberFeatureWrapper)[pri:0, instance:TestRunner@6be46e8f]" name="feature" class="TestRunner"/>
      </group> <!-- cucumber -->
    </groups>
    <test name="Login and Update Profile Test" duration-ms="1371" started-at="2019-09-09T19:55:45Z" finished-at="2019-09-09T19:55:46Z">
      <class name="TestRunner">
        <test-method status="PASS" signature="setUpClass()[pri:0, instance:TestRunner@6be46e8f]" name="setUpClass" is-config="true" duration-ms="419" started-at="2019-09-10T01:25:45Z" finished-at="2019-09-10T01:25:45Z">
          <reporter-output>
          </reporter-output>
        </test-method> <!-- setUpClass -->
        <test-method status="PASS" signature="feature(cucumber.api.testng.CucumberFeatureWrapper)[pri:0, instance:TestRunner@6be46e8f]" name="feature" duration-ms="437" started-at="2019-09-10T01:25:46Z" description="Runs Cucumber Feature" data-provider="features" finished-at="2019-09-10T01:25:46Z">
          <params>
            <param index="0">
              <value>
                <![CDATA[Login Profile]]>
              </value>
            </param>
          </params>
          <reporter-output>
          </reporter-output>
        </test-method> <!-- feature -->
        <test-method status="PASS" signature="feature(cucumber.api.testng.CucumberFeatureWrapper)[pri:0, instance:TestRunner@6be46e8f]" name="feature" duration-ms="219" started-at="2019-09-10T01:25:46Z" description="Runs Cucumber Feature" data-provider="features" finished-at="2019-09-10T01:25:46Z">
          <params>
            <param index="0">
              <value>
                <![CDATA[Update Profile]]>
              </value>
            </param>
          </params>
          <reporter-output>
          </reporter-output>
        </test-method> <!-- feature -->
        <test-method status="PASS" signature="tearDownClass()[pri:0, instance:TestRunner@6be46e8f]" name="tearDownClass" is-config="true" duration-ms="94" started-at="2019-09-10T01:25:46Z" finished-at="2019-09-10T01:25:46Z">
          <reporter-output>
          </reporter-output>
        </test-method> <!-- tearDownClass -->
      </class> <!-- TestRunner -->
    </test> <!-- Login and Update Profile Test -->
  </suite> <!-- BDD Test Suite -->
</testng-results>
